TN:
SF:index.js
FNF:0
FNH:0
DA:1,1
DA:2,1
DA:3,1
DA:4,1
DA:5,1
DA:6,1
DA:7,1
DA:8,1
DA:9,1
DA:10,1
DA:11,1
DA:12,1
DA:13,1
DA:14,1
DA:15,1
DA:16,1
DA:17,1
DA:18,1
DA:19,1
DA:20,1
DA:21,1
LF:21
LH:21
BRDA:11,0,0,0
BRF:1
BRH:0
end_of_record
TN:
SF:routes.js
FNF:0
FNH:0
DA:1,1
DA:2,1
DA:3,1
DA:4,1
DA:5,1
DA:6,1
DA:7,1
DA:8,1
DA:9,1
DA:10,1
DA:11,1
DA:12,1
DA:13,1
DA:14,1
DA:15,1
DA:16,1
DA:17,1
DA:18,1
DA:19,1
LF:19
LH:19
BRF:0
BRH:0
end_of_record
TN:
SF:config/config.js
FNF:0
FNH:0
DA:1,1
DA:2,1
DA:3,1
DA:4,1
DA:5,1
DA:6,1
DA:7,1
DA:8,1
DA:9,1
DA:10,1
DA:11,1
DA:12,1
DA:13,1
DA:14,1
DA:15,1
DA:16,1
DA:17,1
DA:18,1
DA:19,1
DA:20,1
DA:21,1
DA:22,1
DA:23,1
DA:24,1
DA:25,1
DA:26,1
LF:26
LH:26
BRF:0
BRH:0
end_of_record
TN:
SF:src/controllers/employeeController.js
FN:3,addEmployee
FN:9,getEmployees
FNF:2
FNH:1
FNDA:2,addEmployee
FNDA:0,getEmployees
DA:1,1
DA:2,1
DA:3,2
DA:4,2
DA:5,2
DA:6,1
DA:7,1
DA:8,1
DA:9,0
DA:10,0
DA:11,0
DA:12,0
DA:13,1
DA:14,1
DA:15,1
DA:16,1
DA:17,1
LF:17
LH:13
BRDA:3,0,0,2
BRDA:5,1,0,1
BRF:2
BRH:2
end_of_record
TN:
SF:src/controllers/passwordController.js
FN:19,recover
FN:39,reset
FNF:2
FNH:0
FNDA:0,recover
FNDA:0,reset
DA:1,1
DA:2,1
DA:3,1
DA:4,1
DA:5,1
DA:6,1
DA:7,1
DA:8,1
DA:9,1
DA:10,1
DA:11,1
DA:12,1
DA:13,1
DA:14,1
DA:15,1
DA:16,1
DA:17,1
DA:18,1
DA:19,0
DA:20,0
DA:21,0
DA:22,0
DA:23,0
DA:24,0
DA:25,0
DA:26,0
DA:27,0
DA:28,0
DA:29,0
DA:30,0
DA:31,0
DA:32,0
DA:33,0
DA:34,0
DA:35,0
DA:36,0
DA:37,0
DA:38,1
DA:39,0
DA:40,0
DA:41,0
DA:42,0
DA:43,0
DA:44,0
DA:45,0
DA:46,0
DA:47,0
DA:48,0
DA:49,0
DA:50,0
DA:51,0
DA:52,0
DA:53,0
DA:54,0
DA:55,0
DA:56,0
DA:57,1
DA:58,1
DA:59,1
DA:60,1
DA:61,1
LF:61
LH:24
BRF:0
BRH:0
end_of_record
TN:
SF:src/controllers/positionController.js
FN:3,getPositions
FNF:1
FNH:1
FNDA:1,getPositions
DA:1,1
DA:2,1
DA:3,1
DA:4,1
DA:5,1
DA:6,1
DA:7,1
DA:8,1
DA:9,1
DA:10,1
LF:10
LH:10
BRDA:3,0,0,1
BRF:1
BRH:1
end_of_record
TN:
SF:src/controllers/userController.js
FN:3,createUser
FNF:1
FNH:1
FNDA:8,createUser
DA:1,1
DA:2,1
DA:3,8
DA:4,8
DA:5,8
DA:6,8
DA:7,1
DA:8,1
DA:9,1
DA:10,1
DA:11,1
DA:12,1
LF:12
LH:12
BRDA:3,0,0,8
BRDA:6,1,0,7
BRDA:6,2,0,1
BRF:3
BRH:3
end_of_record
TN:
SF:src/middlewares/validateToken.js
FN:4,validateToken
FNF:1
FNH:1
FNDA:5,validateToken
DA:1,1
DA:2,1
DA:3,1
DA:4,5
DA:5,5
DA:6,5
DA:7,3
DA:8,3
DA:9,5
DA:10,0
DA:11,0
DA:12,3
DA:13,3
DA:14,3
DA:15,1
DA:16,1
LF:16
LH:14
BRDA:4,0,0,5
BRDA:6,1,0,4
BRDA:6,2,0,2
BRDA:6,3,0,3
BRDA:9,4,0,0
BRDA:12,5,0,3
BRF:6
BRH:5
end_of_record
TN:
SF:src/models/EmployeeModel.js
FN:1,Object.<anonymous>.module.exports
FN:16,Employee.associate
FNF:2
FNH:2
FNDA:4,Object.<anonymous>.module.exports
FNDA:4,Employee.associate
DA:1,1
DA:2,4
DA:3,4
DA:4,4
DA:5,4
DA:6,4
DA:7,4
DA:8,4
DA:9,4
DA:10,4
DA:11,4
DA:12,4
DA:13,4
DA:14,4
DA:15,4
DA:16,4
DA:17,4
DA:18,4
DA:19,4
DA:20,4
DA:21,4
DA:22,4
DA:23,4
DA:24,4
LF:24
LH:24
BRDA:1,0,0,4
BRDA:16,1,0,4
BRF:2
BRH:2
end_of_record
TN:
SF:src/models/PositionModel.js
FN:1,Object.<anonymous>.module.exports
FN:9,Position.associate
FNF:2
FNH:2
FNDA:4,Object.<anonymous>.module.exports
FNDA:4,Position.associate
DA:1,1
DA:2,4
DA:3,4
DA:4,4
DA:5,4
DA:6,4
DA:7,4
DA:8,4
DA:9,4
DA:10,4
DA:11,4
DA:12,4
DA:13,4
DA:14,4
DA:15,4
DA:16,4
DA:17,4
LF:17
LH:17
BRDA:1,0,0,4
BRDA:9,1,0,4
BRF:2
BRH:2
end_of_record
TN:
SF:src/models/UserModel.js
FN:1,Object.<anonymous>.module.exports
FNF:1
FNH:1
FNDA:4,Object.<anonymous>.module.exports
DA:1,1
DA:2,4
DA:3,4
DA:4,4
DA:5,4
DA:6,4
DA:7,4
DA:8,4
DA:9,4
DA:10,4
DA:11,4
DA:12,4
LF:12
LH:12
BRDA:1,0,0,4
BRF:1
BRH:1
end_of_record
TN:
SF:src/models/index.js
FNF:0
FNH:0
DA:1,1
DA:2,1
DA:3,1
DA:4,1
DA:5,1
DA:6,1
DA:7,1
DA:8,1
DA:9,1
DA:10,1
DA:11,1
DA:12,1
DA:13,0
DA:14,1
DA:15,1
DA:16,1
DA:17,1
DA:18,1
DA:19,1
DA:20,1
DA:21,16
DA:22,16
DA:23,1
DA:24,12
DA:25,12
DA:26,12
DA:27,1
DA:28,1
DA:29,12
DA:30,8
DA:31,8
DA:32,12
DA:33,1
DA:34,1
DA:35,1
DA:36,1
DA:37,1
LF:37
LH:36
BRDA:7,0,0,0
BRDA:12,1,0,0
BRDA:20,2,0,16
BRDA:21,3,0,12
BRDA:23,4,0,12
BRDA:28,5,0,12
BRDA:29,6,0,8
BRF:7
BRH:5
end_of_record
TN:
SF:src/services/employeeService.js
FN:6,getAge
FN:17,addEmployee
FN:30,getEmployees
FNF:3
FNH:2
FNDA:2,getAge
FNDA:2,addEmployee
FNDA:0,getEmployees
DA:1,1
DA:2,1
DA:3,1
DA:4,1
DA:5,1
DA:6,1
DA:7,2
DA:8,2
DA:9,2
DA:10,2
DA:11,2
DA:12,2
DA:13,1
DA:14,1
DA:15,1
DA:16,1
DA:17,2
DA:18,2
DA:19,2
DA:20,2
DA:21,2
DA:22,2
DA:23,2
DA:24,1
DA:25,1
DA:26,1
DA:27,1
DA:28,1
DA:29,1
DA:30,0
DA:31,0
DA:32,0
DA:33,0
DA:34,1
DA:35,1
DA:36,1
DA:37,1
DA:38,1
LF:38
LH:34
BRDA:6,0,0,2
BRDA:12,1,0,1
BRDA:17,2,0,2
BRDA:21,3,0,1
BRDA:23,4,0,1
BRF:5
BRH:5
end_of_record
TN:
SF:src/services/positionService.js
FN:3,getPositions
FNF:1
FNH:1
FNDA:1,getPositions
DA:1,1
DA:2,1
DA:3,1
DA:4,1
DA:5,1
DA:6,1
DA:7,1
DA:8,1
DA:9,1
DA:10,1
LF:10
LH:10
BRDA:3,0,0,1
BRF:1
BRH:1
end_of_record
TN:
SF:src/services/userServices.js
FN:8,validateName
FN:13,validateEmail
FN:20,validatePassword
FN:25,validateData
FN:32,createUser
FNF:5
FNH:5
FNDA:8,validateName
FNDA:8,validateEmail
FNDA:8,validatePassword
FNDA:8,validateData
FNDA:8,createUser
DA:1,1
DA:2,1
DA:3,1
DA:4,1
DA:5,1
DA:6,1
DA:7,1
DA:8,8
DA:9,8
DA:10,8
DA:11,8
DA:12,1
DA:13,8
DA:14,8
DA:15,8
DA:16,7
DA:17,8
DA:18,8
DA:19,1
DA:20,8
DA:21,8
DA:22,8
DA:23,8
DA:24,1
DA:25,8
DA:26,8
DA:27,8
DA:28,8
DA:29,8
DA:30,8
DA:31,1
DA:32,8
DA:33,8
DA:34,8
DA:35,7
DA:36,7
DA:37,7
DA:38,1
DA:39,1
DA:40,1
DA:41,1
DA:42,1
DA:43,1
DA:44,1
DA:45,1
DA:46,1
DA:47,1
LF:47
LH:47
BRDA:8,0,0,8
BRDA:9,1,0,1
BRDA:9,2,0,7
BRDA:10,3,0,1
BRDA:13,4,0,8
BRDA:14,5,0,1
BRDA:14,6,0,7
BRDA:15,7,0,1
BRDA:15,8,0,7
BRDA:17,9,0,1
BRDA:20,10,0,8
BRDA:21,11,0,1
BRDA:21,12,0,7
BRDA:22,13,0,1
BRDA:25,14,0,8
BRDA:32,15,0,8
BRDA:34,16,0,7
BRDA:38,17,0,1
BRF:18
BRH:18
end_of_record
